Building DAG of jobs...
Using shell: /usr/bin/bash
Provided cores: 1 (use --cores to define parallelism)
Rules claiming more threads will be scaled down.
Job stats:
job               count    min threads    max threads
--------------  -------  -------------  -------------
samtools_fastq        1              1              1
samtools_sort         1              1              1
total                 2              1              1

Select jobs to execute...

[Mon Jul 25 17:47:21 2022]
rule samtools_sort:
    input: data_input/samples/bam/AN0007-C.bam
    output: data_input/samples/bam/AN0007-C_sorted.bam
    jobid: 11
    wildcards: BAM=AN0007-C
    resources: tmpdir=/tmp

[Mon Jul 25 18:32:21 2022]
Finished job 11.
1 of 12 steps (8%) done
Select jobs to execute...

[Mon Jul 25 18:32:21 2022]
rule samtools_fastq:
    input: data_input/samples/bam/AN0007-C_sorted.bam
    output: data_input/samples/read1/AN0007-C_r1.fastq, data_input/samples/read2/AN0007-C_r2.fastq
    jobid: 10
    wildcards: BAM=AN0007-C
    resources: tmpdir=/tmp

[Mon Jul 25 18:32:21 2022]
Error in rule samtools_fastq:
    jobid: 10
    output: data_input/samples/read1/AN0007-C_r1.fastq, data_input/samples/read2/AN0007-C_r2.fastq
    shell:
        samtools fastq -@ 1 data_input/samples/bam/AN0007-C_sorted.bam -1 data_input/samples/read1/AN0007-C_r1.fastq -2 data_input/samples/read2/AN0007-C_r2.fastq -0 /dev/null -s /dev/null -n
        (one of the commands exited with non-zero exit code; note that snakemake uses bash strict mode!)

Shutting down, this might take some time.
Exiting because a job execution failed. Look above for error message
Complete log: /home/ozone/TEFLoN2/.snakemake/log/2022-07-25T174720.452197.snakemake.log
